actionid: py35
msg: getenv
cmdargs: [local('/home/dowwie/yosai_alchemystore/.tox/py35/bin/pip'), 'install', 'pytest', 'pytest-capturelog', 'pytest-cov', '-rrequirements.txt']
env: {'USER': 'dowwie', 'WORKON_HOME': '/home/dowwie/.virtualenvs', 'GDM_LANG': 'en_US.UTF-8', 'DBUS_SESSION_BUS_ADDRESS': 'unix:abstract=/tmp/dbus-S8BzgwAZ1N,guid=81d38536deff5474ccf2e75a566f1809', 'NVM_PATH': '/home/dowwie/.nvm/versions/node/v4.1.1/lib/node', 'OLDPWD': '/home/dowwie', 'HOME': '/home/dowwie', 'NVM_DIR': '/home/dowwie/.nvm', 'SESSION_MANAGER': 'local/debian:@/tmp/.ICE-unix/1472,unix/debian:/tmp/.ICE-unix/1472', 'GDMSESSION': 'default', 'TOX_TESTENV_PASSENV': 'YOSAI_CORE_SETTINGS YOSAI_CACHE_SETTINGS YOSAI_ALCHEMYSTORE_SETTINGS', 'DESKTOP_SESSION': 'default', 'SSH_AUTH_SOCK': '/run/user/1000/keyring/ssh', 'LESS': '-R', 'XDG_SEAT': 'seat0', 'EDITOR': 'subl -w', 'ZSH': '/home/dowwie/.oh-my-zsh', 'XDG_DATA_DIRS': '/usr/share/gnome:/usr/local/share/:/usr/share/', 'LD_LIBRARY_PATH': '/usr/local/lib', 'PATH': '/home/dowwie/yosai_alchemystore/.tox/py35/bin:/home/dowwie/yosai/venv35/bin:/home/dowwie/.nvm/versions/node/v4.1.1/bin:/usr/local/sbin:/usr/local/bin:/usr/sbin:/usr/bin:/sbin:/bin:/usr/games:/usr/local/games', 'DISPLAY': ':0', 'VIRTUALENVWRAPPER_WORKON_CD': '1', 'XDG_RUNTIME_DIR': '/run/user/1000', 'XDG_SESSION_DESKTOP': 'default', 'GIO_LAUNCHED_DESKTOP_FILE': '/usr/share/applications/guake.desktop', 'SHELL': '/bin/zsh', 'GNOME_DESKTOP_SESSION_ID': 'this-is-deprecated', 'WINDOWPATH': '7', 'PROTOCOL_BUFFERS_PYTHON_IMPLEMENTATION': 'cpp', 'VIRTUALENVWRAPPER_SCRIPT': '/usr/local/bin/virtualenvwrapper.sh', 'SSH_AGENT_PID': '1509', 'PYTHONHASHSEED': '2610607686', 'YOSAI_ALCHEMYSTORE_SETTINGS': '/home/dowwie/yosai_alchemystore/yosai_alchemystore/conf/accountstore_settings.yaml', 'PROJECT_HOME': '/home/dowwie/Devel', 'GPG_AGENT_INFO': '/run/user/1000/keyring/gpg:0:1', 'XDG_SESSION_ID': '1', 'LANG': 'en_US.UTF-8', 'XDG_VTNR': '7', 'XDG_CURRENT_DESKTOP': 'GNOME', 'GIO_LAUNCHED_DESKTOP_FILE_PID': '3044', 'TERM': 'xterm-256color', 'GJS_DEBUG_TOPICS': 'JS ERROR;JS LOG', 'YOSAI_CACHE_SETTINGS': '/home/dowwie/dpcache/yosai_dpcache/cache/conf/cache_settings.yaml', 'VIRTUAL_ENV': '/home/dowwie/yosai_alchemystore/.tox/py35', 'NVM_NODEJS_ORG_MIRROR': 'https://nodejs.org/dist', 'MANPATH': '/home/dowwie/.nvm/versions/node/v4.1.1/share/man:/usr/local/share/man:/usr/share/man', 'LSCOLORS': 'Gxfxcxdxbxegedabagacad', 'VISUAL': 'subl -w', 'PS1': '(venv35) \n%K{green}%F{black} %n@%M %k%f%F{green}%K{blue}\ue0b0%k%f%F{white}%K{blue} %1~%F{blue} %F{blue}%K{white}\ue0b0%F{white}%F{black}%K{white}$(git_prompt_info)$(git_prompt_status)%F{white} %k\ue0b0%f  ', 'VIRTUALENVWRAPPER_HOOK_DIR': '/home/dowwie/.virtualenvs', 'SHLVL': '1', 'XDG_MENU_PREFIX': 'gnome-', 'WINDOWID': '58720302', 'YOSAI_CORE_SETTINGS': '/home/dowwie/yosai/yosai/yosai/core/conf/yosai_settings.yaml', 'NVM_IOJS_ORG_MIRROR': 'https://iojs.org/dist', 'PAGER': 'less', 'NVM_BIN': '/home/dowwie/.nvm/versions/node/v4.1.1/bin', 'XAUTHORITY': '/var/run/gdm3/auth-for-dowwie-96TRYJ/database', 'USERNAME': 'dowwie', 'PWD': '/home/dowwie/yosai_alchemystore', 'GJS_DEBUG_OUTPUT': 'stderr', 'VIRTUALENVWRAPPER_PROJECT_FILENAME': '.project', 'LC_CTYPE': 'en_US.UTF-8', 'PYTHONPATH': '/usr/local/bin/flake8', 'LOGNAME': 'dowwie', '_': '/home/dowwie/yosai/venv35/bin/tox'}

Collecting pytest
  Using cached pytest-2.8.5-py2.py3-none-any.whl
Collecting pytest-capturelog
Collecting pytest-cov
  Using cached pytest_cov-2.2.0-py2.py3-none-any.whl
Collecting sqlalchemy (from -r requirements.txt (line 1))
  Using cached SQLAlchemy-1.0.10.tar.gz
Collecting py>=1.4.29 (from pytest)
  Using cached py-1.4.31-py2.py3-none-any.whl
Collecting coverage>=3.7.1 (from pytest-cov)
  Using cached coverage-4.0.3.tar.gz
Building wheels for collected packages: sqlalchemy, coverage
  Running setup.py bdist_wheel for sqlalchemy
  Complete output from command /home/dowwie/yosai_alchemystore/.tox/py35/bin/python3.5 -c "import setuptools;__file__='/tmp/pip-build-al6_a4wg/sqlalchemy/setup.py';exec(compile(open(__file__).read().replace('\r\n', '\n'), __file__, 'exec'))" bdist_wheel -d /tmp/tmpf9deimvlpip-wheel-:
  running bdist_wheel
  running build
  running build_py
  creating build
  creating build/lib.linux-x86_64-3.5
  creating build/lib.linux-x86_64-3.5/sqlalchemy
  copying lib/sqlalchemy/events.py -> build/lib.linux-x86_64-3.5/sqlalchemy
  copying lib/sqlalchemy/schema.py -> build/lib.linux-x86_64-3.5/sqlalchemy
  copying lib/sqlalchemy/processors.py -> build/lib.linux-x86_64-3.5/sqlalchemy
  copying lib/sqlalchemy/log.py -> build/lib.linux-x86_64-3.5/sqlalchemy
  copying lib/sqlalchemy/exc.py -> build/lib.linux-x86_64-3.5/sqlalchemy
  copying lib/sqlalchemy/inspection.py -> build/lib.linux-x86_64-3.5/sqlalchemy
  copying lib/sqlalchemy/interfaces.py -> build/lib.linux-x86_64-3.5/sqlalchemy
  copying lib/sqlalchemy/pool.py -> build/lib.linux-x86_64-3.5/sqlalchemy
  copying lib/sqlalchemy/__init__.py -> build/lib.linux-x86_64-3.5/sqlalchemy
  copying lib/sqlalchemy/types.py -> build/lib.linux-x86_64-3.5/sqlalchemy
  creating build/lib.linux-x86_64-3.5/sqlalchemy/util
  copying lib/sqlalchemy/util/_collections.py -> build/lib.linux-x86_64-3.5/sqlalchemy/util
  copying lib/sqlalchemy/util/topological.py -> build/lib.linux-x86_64-3.5/sqlalchemy/util
  copying lib/sqlalchemy/util/queue.py -> build/lib.linux-x86_64-3.5/sqlalchemy/util
  copying lib/sqlalchemy/util/langhelpers.py -> build/lib.linux-x86_64-3.5/sqlalchemy/util
  copying lib/sqlalchemy/util/compat.py -> build/lib.linux-x86_64-3.5/sqlalchemy/util
  copying lib/sqlalchemy/util/__init__.py -> build/lib.linux-x86_64-3.5/sqlalchemy/util
  copying lib/sqlalchemy/util/deprecations.py -> build/lib.linux-x86_64-3.5/sqlalchemy/util
  creating build/lib.linux-x86_64-3.5/sqlalchemy/testing
  copying lib/sqlalchemy/testing/distutils_run.py -> build/lib.linux-x86_64-3.5/sqlalchemy/testing
  copying lib/sqlalchemy/testing/schema.py -> build/lib.linux-x86_64-3.5/sqlalchemy/testing
  copying lib/sqlalchemy/testing/exclusions.py -> build/lib.linux-x86_64-3.5/sqlalchemy/testing
  copying lib/sqlalchemy/testing/provision.py -> build/lib.linux-x86_64-3.5/sqlalchemy/testing
  copying lib/sqlalchemy/testing/util.py -> build/lib.linux-x86_64-3.5/sqlalchemy/testing
  copying lib/sqlalchemy/testing/replay_fixture.py -> build/lib.linux-x86_64-3.5/sqlalchemy/testing
  copying lib/sqlalchemy/testing/engines.py -> build/lib.linux-x86_64-3.5/sqlalchemy/testing
  copying lib/sqlalchemy/testing/pickleable.py -> build/lib.linux-x86_64-3.5/sqlalchemy/testing
  copying lib/sqlalchemy/testing/profiling.py -> build/lib.linux-x86_64-3.5/sqlalchemy/testing
  copying lib/sqlalchemy/testing/warnings.py -> build/lib.linux-x86_64-3.5/sqlalchemy/testing
  copying lib/sqlalchemy/testing/assertsql.py -> build/lib.linux-x86_64-3.5/sqlalchemy/testing
  copying lib/sqlalchemy/testing/assertions.py -> build/lib.linux-x86_64-3.5/sqlalchemy/testing
  copying lib/sqlalchemy/testing/runner.py -> build/lib.linux-x86_64-3.5/sqlalchemy/testing
  copying lib/sqlalchemy/testing/requirements.py -> build/lib.linux-x86_64-3.5/sqlalchemy/testing
  copying lib/sqlalchemy/testing/__init__.py -> build/lib.linux-x86_64-3.5/sqlalchemy/testing
  copying lib/sqlalchemy/testing/config.py -> build/lib.linux-x86_64-3.5/sqlalchemy/testing
  copying lib/sqlalchemy/testing/mock.py -> build/lib.linux-x86_64-3.5/sqlalchemy/testing
  copying lib/sqlalchemy/testing/entities.py -> build/lib.linux-x86_64-3.5/sqlalchemy/testing
  copying lib/sqlalchemy/testing/fixtures.py -> build/lib.linux-x86_64-3.5/sqlalchemy/testing
  creating build/lib.linux-x86_64-3.5/sqlalchemy/testing/suite
  copying lib/sqlalchemy/testing/suite/test_sequence.py -> build/lib.linux-x86_64-3.5/sqlalchemy/testing/suite
  copying lib/sqlalchemy/testing/suite/test_select.py -> build/lib.linux-x86_64-3.5/sqlalchemy/testing/suite
  copying lib/sqlalchemy/testing/suite/test_update_delete.py -> build/lib.linux-x86_64-3.5/sqlalchemy/testing/suite
  copying lib/sqlalchemy/testing/suite/test_reflection.py -> build/lib.linux-x86_64-3.5/sqlalchemy/testing/suite
  copying lib/sqlalchemy/testing/suite/test_results.py -> build/lib.linux-x86_64-3.5/sqlalchemy/testing/suite
  copying lib/sqlalchemy/testing/suite/test_insert.py -> build/lib.linux-x86_64-3.5/sqlalchemy/testing/suite
  copying lib/sqlalchemy/testing/suite/test_types.py -> build/lib.linux-x86_64-3.5/sqlalchemy/testing/suite
  copying lib/sqlalchemy/testing/suite/__init__.py -> build/lib.linux-x86_64-3.5/sqlalchemy/testing/suite
  copying lib/sqlalchemy/testing/suite/test_dialect.py -> build/lib.linux-x86_64-3.5/sqlalchemy/testing/suite
  copying lib/sqlalchemy/testing/suite/test_ddl.py -> build/lib.linux-x86_64-3.5/sqlalchemy/testing/suite
  creating build/lib.linux-x86_64-3.5/sqlalchemy/testing/plugin
  copying lib/sqlalchemy/testing/plugin/plugin_base.py -> build/lib.linux-x86_64-3.5/sqlalchemy/testing/plugin
  copying lib/sqlalchemy/testing/plugin/bootstrap.py -> build/lib.linux-x86_64-3.5/sqlalchemy/testing/plugin
  copying lib/sqlalchemy/testing/plugin/noseplugin.py -> build/lib.linux-x86_64-3.5/sqlalchemy/testing/plugin
  copying lib/sqlalchemy/testing/plugin/__init__.py -> build/lib.linux-x86_64-3.5/sqlalchemy/testing/plugin
  copying lib/sqlalchemy/testing/plugin/pytestplugin.py -> build/lib.linux-x86_64-3.5/sqlalchemy/testing/plugin
  creating build/lib.linux-x86_64-3.5/sqlalchemy/sql
  copying lib/sqlalchemy/sql/visitors.py -> build/lib.linux-x86_64-3.5/sqlalchemy/sql
  copying lib/sqlalchemy/sql/annotation.py -> build/lib.linux-x86_64-3.5/sqlalchemy/sql
  copying lib/sqlalchemy/sql/compiler.py -> build/lib.linux-x86_64-3.5/sqlalchemy/sql
  copying lib/sqlalchemy/sql/selectable.py -> build/lib.linux-x86_64-3.5/sqlalchemy/sql
  copying lib/sqlalchemy/sql/schema.py -> build/lib.linux-x86_64-3.5/sqlalchemy/sql
  copying lib/sqlalchemy/sql/elements.py -> build/lib.linux-x86_64-3.5/sqlalchemy/sql
  copying lib/sqlalchemy/sql/operators.py -> build/lib.linux-x86_64-3.5/sqlalchemy/sql
  copying lib/sqlalchemy/sql/sqltypes.py -> build/lib.linux-x86_64-3.5/sqlalchemy/sql
  copying lib/sqlalchemy/sql/ddl.py -> build/lib.linux-x86_64-3.5/sqlalchemy/sql
  copying lib/sqlalchemy/sql/type_api.py -> build/lib.linux-x86_64-3.5/sqlalchemy/sql
  copying lib/sqlalchemy/sql/base.py -> build/lib.linux-x86_64-3.5/sqlalchemy/sql
  copying lib/sqlalchemy/sql/default_comparator.py -> build/lib.linux-x86_64-3.5/sqlalchemy/sql
  copying lib/sqlalchemy/sql/util.py -> build/lib.linux-x86_64-3.5/sqlalchemy/sql
  copying lib/sqlalchemy/sql/dml.py -> build/lib.linux-x86_64-3.5/sqlalchemy/sql
  copying lib/sqlalchemy/sql/expression.py -> build/lib.linux-x86_64-3.5/sqlalchemy/sql
  copying lib/sqlalchemy/sql/naming.py -> build/lib.linux-x86_64-3.5/sqlalchemy/sql
  copying lib/sqlalchemy/sql/functions.py -> build/lib.linux-x86_64-3.5/sqlalchemy/sql
  copying lib/sqlalchemy/sql/__init__.py -> build/lib.linux-x86_64-3.5/sqlalchemy/sql
  copying lib/sqlalchemy/sql/crud.py -> build/lib.linux-x86_64-3.5/sqlalchemy/sql
  creating build/lib.linux-x86_64-3.5/sqlalchemy/connectors
  copying lib/sqlalchemy/connectors/pyodbc.py -> build/lib.linux-x86_64-3.5/sqlalchemy/connectors
  copying lib/sqlalchemy/connectors/mxodbc.py -> build/lib.linux-x86_64-3.5/sqlalchemy/connectors
  copying lib/sqlalchemy/connectors/zxJDBC.py -> build/lib.linux-x86_64-3.5/sqlalchemy/connectors
  copying lib/sqlalchemy/connectors/__init__.py -> build/lib.linux-x86_64-3.5/sqlalchemy/connectors
  creating build/lib.linux-x86_64-3.5/sqlalchemy/dialects
  copying lib/sqlalchemy/dialects/postgres.py -> build/lib.linux-x86_64-3.5/sqlalchemy/dialects
  copying lib/sqlalchemy/dialects/__init__.py -> build/lib.linux-x86_64-3.5/sqlalchemy/dialects
  creating build/lib.linux-x86_64-3.5/sqlalchemy/dialects/mysql
  copying lib/sqlalchemy/dialects/mysql/oursql.py -> build/lib.linux-x86_64-3.5/sqlalchemy/dialects/mysql
  copying lib/sqlalchemy/dialects/mysql/mysqlconnector.py -> build/lib.linux-x86_64-3.5/sqlalchemy/dialects/mysql
  copying lib/sqlalchemy/dialects/mysql/zxjdbc.py -> build/lib.linux-x86_64-3.5/sqlalchemy/dialects/mysql
  copying lib/sqlalchemy/dialects/mysql/base.py -> build/lib.linux-x86_64-3.5/sqlalchemy/dialects/mysql
  copying lib/sqlalchemy/dialects/mysql/pyodbc.py -> build/lib.linux-x86_64-3.5/sqlalchemy/dialects/mysql
  copying lib/sqlalchemy/dialects/mysql/pymysql.py -> build/lib.linux-x86_64-3.5/sqlalchemy/dialects/mysql
  copying lib/sqlalchemy/dialects/mysql/cymysql.py -> build/lib.linux-x86_64-3.5/sqlalchemy/dialects/mysql
  copying lib/sqlalchemy/dialects/mysql/mysqldb.py -> build/lib.linux-x86_64-3.5/sqlalchemy/dialects/mysql
  copying lib/sqlalchemy/dialects/mysql/gaerdbms.py -> build/lib.linux-x86_64-3.5/sqlalchemy/dialects/mysql
  copying lib/sqlalchemy/dialects/mysql/__init__.py -> build/lib.linux-x86_64-3.5/sqlalchemy/dialects/mysql
  creating build/lib.linux-x86_64-3.5/sqlalchemy/dialects/postgresql
  copying lib/sqlalchemy/dialects/postgresql/ranges.py -> build/lib.linux-x86_64-3.5/sqlalchemy/dialects/postgresql
  copying lib/sqlalchemy/dialects/postgresql/constraints.py -> build/lib.linux-x86_64-3.5/sqlalchemy/dialects/postgresql
  copying lib/sqlalchemy/dialects/postgresql/zxjdbc.py -> build/lib.linux-x86_64-3.5/sqlalchemy/dialects/postgresql
  copying lib/sqlalchemy/dialects/postgresql/pg8000.py -> build/lib.linux-x86_64-3.5/sqlalchemy/dialects/postgresql
  copying lib/sqlalchemy/dialects/postgresql/psycopg2.py -> build/lib.linux-x86_64-3.5/sqlalchemy/dialects/postgresql
  copying lib/sqlalchemy/dialects/postgresql/psycopg2cffi.py -> build/lib.linux-x86_64-3.5/sqlalchemy/dialects/postgresql
  copying lib/sqlalchemy/dialects/postgresql/base.py -> build/lib.linux-x86_64-3.5/sqlalchemy/dialects/postgresql
  copying lib/sqlalchemy/dialects/postgresql/pypostgresql.py -> build/lib.linux-x86_64-3.5/sqlalchemy/dialects/postgresql
  copying lib/sqlalchemy/dialects/postgresql/hstore.py -> build/lib.linux-x86_64-3.5/sqlalchemy/dialects/postgresql
  copying lib/sqlalchemy/dialects/postgresql/json.py -> build/lib.linux-x86_64-3.5/sqlalchemy/dialects/postgresql
  copying lib/sqlalchemy/dialects/postgresql/__init__.py -> build/lib.linux-x86_64-3.5/sqlalchemy/dialects/postgresql
  creating build/lib.linux-x86_64-3.5/sqlalchemy/dialects/mssql
  copying lib/sqlalchemy/dialects/mssql/zxjdbc.py -> build/lib.linux-x86_64-3.5/sqlalchemy/dialects/mssql
  copying lib/sqlalchemy/dialects/mssql/base.py -> build/lib.linux-x86_64-3.5/sqlalchemy/dialects/mssql
  copying lib/sqlalchemy/dialects/mssql/information_schema.py -> build/lib.linux-x86_64-3.5/sqlalchemy/dialects/mssql
  copying lib/sqlalchemy/dialects/mssql/adodbapi.py -> build/lib.linux-x86_64-3.5/sqlalchemy/dialects/mssql
  copying lib/sqlalchemy/dialects/mssql/pyodbc.py -> build/lib.linux-x86_64-3.5/sqlalchemy/dialects/mssql
  copying lib/sqlalchemy/dialects/mssql/pymssql.py -> build/lib.linux-x86_64-3.5/sqlalchemy/dialects/mssql
  copying lib/sqlalchemy/dialects/mssql/mxodbc.py -> build/lib.linux-x86_64-3.5/sqlalchemy/dialects/mssql
  copying lib/sqlalchemy/dialects/mssql/__init__.py -> build/lib.linux-x86_64-3.5/sqlalchemy/dialects/mssql
  creating build/lib.linux-x86_64-3.5/sqlalchemy/dialects/firebird
  copying lib/sqlalchemy/dialects/firebird/base.py -> build/lib.linux-x86_64-3.5/sqlalchemy/dialects/firebird
  copying lib/sqlalchemy/dialects/firebird/fdb.py -> build/lib.linux-x86_64-3.5/sqlalchemy/dialects/firebird
  copying lib/sqlalchemy/dialects/firebird/kinterbasdb.py -> build/lib.linux-x86_64-3.5/sqlalchemy/dialects/firebird
  copying lib/sqlalchemy/dialects/firebird/__init__.py -> build/lib.linux-x86_64-3.5/sqlalchemy/dialects/firebird
  creating build/lib.linux-x86_64-3.5/sqlalchemy/dialects/sybase
  copying lib/sqlalchemy/dialects/sybase/pysybase.py -> build/lib.linux-x86_64-3.5/sqlalchemy/dialects/sybase
  copying lib/sqlalchemy/dialects/sybase/base.py -> build/lib.linux-x86_64-3.5/sqlalchemy/dialects/sybase
  copying lib/sqlalchemy/dialects/sybase/pyodbc.py -> build/lib.linux-x86_64-3.5/sqlalchemy/dialects/sybase
  copying lib/sqlalchemy/dialects/sybase/mxodbc.py -> build/lib.linux-x86_64-3.5/sqlalchemy/dialects/sybase
  copying lib/sqlalchemy/dialects/sybase/__init__.py -> build/lib.linux-x86_64-3.5/sqlalchemy/dialects/sybase
  creating build/lib.linux-x86_64-3.5/sqlalchemy/dialects/oracle
  copying lib/sqlalchemy/dialects/oracle/zxjdbc.py -> build/lib.linux-x86_64-3.5/sqlalchemy/dialects/oracle
  copying lib/sqlalchemy/dialects/oracle/base.py -> build/lib.linux-x86_64-3.5/sqlalchemy/dialects/oracle
  copying lib/sqlalchemy/dialects/oracle/cx_oracle.py -> build/lib.linux-x86_64-3.5/sqlalchemy/dialects/oracle
  copying lib/sqlalchemy/dialects/oracle/__init__.py -> build/lib.linux-x86_64-3.5/sqlalchemy/dialects/oracle
  creating build/lib.linux-x86_64-3.5/sqlalchemy/dialects/sqlite
  copying lib/sqlalchemy/dialects/sqlite/pysqlite.py -> build/lib.linux-x86_64-3.5/sqlalchemy/dialects/sqlite
  copying lib/sqlalchemy/dialects/sqlite/base.py -> build/lib.linux-x86_64-3.5/sqlalchemy/dialects/sqlite
  copying lib/sqlalchemy/dialects/sqlite/__init__.py -> build/lib.linux-x86_64-3.5/sqlalchemy/dialects/sqlite
  copying lib/sqlalchemy/dialects/sqlite/pysqlcipher.py -> build/lib.linux-x86_64-3.5/sqlalchemy/dialects/sqlite
  creating build/lib.linux-x86_64-3.5/sqlalchemy/orm
  copying lib/sqlalchemy/orm/strategies.py -> build/lib.linux-x86_64-3.5/sqlalchemy/orm
  copying lib/sqlalchemy/orm/events.py -> build/lib.linux-x86_64-3.5/sqlalchemy/orm
  copying lib/sqlalchemy/orm/sync.py -> build/lib.linux-x86_64-3.5/sqlalchemy/orm
  copying lib/sqlalchemy/orm/mapper.py -> build/lib.linux-x86_64-3.5/sqlalchemy/orm
  copying lib/sqlalchemy/orm/exc.py -> build/lib.linux-x86_64-3.5/sqlalchemy/orm
  copying lib/sqlalchemy/orm/attributes.py -> build/lib.linux-x86_64-3.5/sqlalchemy/orm
  copying lib/sqlalchemy/orm/base.py -> build/lib.linux-x86_64-3.5/sqlalchemy/orm
  copying lib/sqlalchemy/orm/util.py -> build/lib.linux-x86_64-3.5/sqlalchemy/orm
  copying lib/sqlalchemy/orm/relationships.py -> build/lib.linux-x86_64-3.5/sqlalchemy/orm
  copying lib/sqlalchemy/orm/strategy_options.py -> build/lib.linux-x86_64-3.5/sqlalchemy/orm
  copying lib/sqlalchemy/orm/dynamic.py -> build/lib.linux-x86_64-3.5/sqlalchemy/orm
  copying lib/sqlalchemy/orm/persistence.py -> build/lib.linux-x86_64-3.5/sqlalchemy/orm
  copying lib/sqlalchemy/orm/interfaces.py -> build/lib.linux-x86_64-3.5/sqlalchemy/orm
  copying lib/sqlalchemy/orm/descriptor_props.py -> build/lib.linux-x86_64-3.5/sqlalchemy/orm
  copying lib/sqlalchemy/orm/session.py -> build/lib.linux-x86_64-3.5/sqlalchemy/orm
  copying lib/sqlalchemy/orm/evaluator.py -> build/lib.linux-x86_64-3.5/sqlalchemy/orm
  copying lib/sqlalchemy/orm/instrumentation.py -> build/lib.linux-x86_64-3.5/sqlalchemy/orm
  copying lib/sqlalchemy/orm/properties.py -> build/lib.linux-x86_64-3.5/sqlalchemy/orm
  copying lib/sqlalchemy/orm/deprecated_interfaces.py -> build/lib.linux-x86_64-3.5/sqlalchemy/orm
  copying lib/sqlalchemy/orm/path_registry.py -> build/lib.linux-x86_64-3.5/sqlalchemy/orm
  copying lib/sqlalchemy/orm/unitofwork.py -> build/lib.linux-x86_64-3.5/sqlalchemy/orm
  copying lib/sqlalchemy/orm/dependency.py -> build/lib.linux-x86_64-3.5/sqlalchemy/orm
  copying lib/sqlalchemy/orm/loading.py -> build/lib.linux-x86_64-3.5/sqlalchemy/orm
  copying lib/sqlalchemy/orm/identity.py -> build/lib.linux-x86_64-3.5/sqlalchemy/orm
  copying lib/sqlalchemy/orm/__init__.py -> build/lib.linux-x86_64-3.5/sqlalchemy/orm
  copying lib/sqlalchemy/orm/query.py -> build/lib.linux-x86_64-3.5/sqlalchemy/orm
  copying lib/sqlalchemy/orm/collections.py -> build/lib.linux-x86_64-3.5/sqlalchemy/orm
  copying lib/sqlalchemy/orm/state.py -> build/lib.linux-x86_64-3.5/sqlalchemy/orm
  copying lib/sqlalchemy/orm/scoping.py -> build/lib.linux-x86_64-3.5/sqlalchemy/orm
  creating build/lib.linux-x86_64-3.5/sqlalchemy/engine
  copying lib/sqlalchemy/engine/strategies.py -> build/lib.linux-x86_64-3.5/sqlalchemy/engine
  copying lib/sqlalchemy/engine/base.py -> build/lib.linux-x86_64-3.5/sqlalchemy/engine
  copying lib/sqlalchemy/engine/util.py -> build/lib.linux-x86_64-3.5/sqlalchemy/engine
  copying lib/sqlalchemy/engine/threadlocal.py -> build/lib.linux-x86_64-3.5/sqlalchemy/engine
  copying lib/sqlalchemy/engine/reflection.py -> build/lib.linux-x86_64-3.5/sqlalchemy/engine
  copying lib/sqlalchemy/engine/url.py -> build/lib.linux-x86_64-3.5/sqlalchemy/engine
  copying lib/sqlalchemy/engine/interfaces.py -> build/lib.linux-x86_64-3.5/sqlalchemy/engine
  copying lib/sqlalchemy/engine/default.py -> build/lib.linux-x86_64-3.5/sqlalchemy/engine
  copying lib/sqlalchemy/engine/result.py -> build/lib.linux-x86_64-3.5/sqlalchemy/engine
  copying lib/sqlalchemy/engine/__init__.py -> build/lib.linux-x86_64-3.5/sqlalchemy/engine
  creating build/lib.linux-x86_64-3.5/sqlalchemy/ext
  copying lib/sqlalchemy/ext/baked.py -> build/lib.linux-x86_64-3.5/sqlalchemy/ext
  copying lib/sqlalchemy/ext/compiler.py -> build/lib.linux-x86_64-3.5/sqlalchemy/ext
  copying lib/sqlalchemy/ext/associationproxy.py -> build/lib.linux-x86_64-3.5/sqlalchemy/ext
  copying lib/sqlalchemy/ext/serializer.py -> build/lib.linux-x86_64-3.5/sqlalchemy/ext
  copying lib/sqlalchemy/ext/automap.py -> build/lib.linux-x86_64-3.5/sqlalchemy/ext
  copying lib/sqlalchemy/ext/hybrid.py -> build/lib.linux-x86_64-3.5/sqlalchemy/ext
  copying lib/sqlalchemy/ext/orderinglist.py -> build/lib.linux-x86_64-3.5/sqlalchemy/ext
  copying lib/sqlalchemy/ext/horizontal_shard.py -> build/lib.linux-x86_64-3.5/sqlalchemy/ext
  copying lib/sqlalchemy/ext/instrumentation.py -> build/lib.linux-x86_64-3.5/sqlalchemy/ext
  copying lib/sqlalchemy/ext/mutable.py -> build/lib.linux-x86_64-3.5/sqlalchemy/ext
  copying lib/sqlalchemy/ext/__init__.py -> build/lib.linux-x86_64-3.5/sqlalchemy/ext
  creating build/lib.linux-x86_64-3.5/sqlalchemy/ext/declarative
  copying lib/sqlalchemy/ext/declarative/base.py -> build/lib.linux-x86_64-3.5/sqlalchemy/ext/declarative
  copying lib/sqlalchemy/ext/declarative/clsregistry.py -> build/lib.linux-x86_64-3.5/sqlalchemy/ext/declarative
  copying lib/sqlalchemy/ext/declarative/api.py -> build/lib.linux-x86_64-3.5/sqlalchemy/ext/declarative
  copying lib/sqlalchemy/ext/declarative/__init__.py -> build/lib.linux-x86_64-3.5/sqlalchemy/ext/declarative
  creating build/lib.linux-x86_64-3.5/sqlalchemy/databases
  copying lib/sqlalchemy/databases/__init__.py -> build/lib.linux-x86_64-3.5/sqlalchemy/databases
  creating build/lib.linux-x86_64-3.5/sqlalchemy/event
  copying lib/sqlalchemy/event/registry.py -> build/lib.linux-x86_64-3.5/sqlalchemy/event
  copying lib/sqlalchemy/event/attr.py -> build/lib.linux-x86_64-3.5/sqlalchemy/event
  copying lib/sqlalchemy/event/base.py -> build/lib.linux-x86_64-3.5/sqlalchemy/event
  copying lib/sqlalchemy/event/api.py -> build/lib.linux-x86_64-3.5/sqlalchemy/event
  copying lib/sqlalchemy/event/__init__.py -> build/lib.linux-x86_64-3.5/sqlalchemy/event
  copying lib/sqlalchemy/event/legacy.py -> build/lib.linux-x86_64-3.5/sqlalchemy/event
  running build_ext
  building 'sqlalchemy.cprocessors' extension
  creating build/temp.linux-x86_64-3.5
  creating build/temp.linux-x86_64-3.5/lib
  creating build/temp.linux-x86_64-3.5/lib/sqlalchemy
  creating build/temp.linux-x86_64-3.5/lib/sqlalchemy/cextension
  gcc -pthread -Wno-unused-result -Wsign-compare -Wunreachable-code -DNDEBUG -g -fwrapv -O3 -Wall -Wstrict-prototypes -fPIC -I/usr/local/include/python3.5m -c lib/sqlalchemy/cextension/processors.c -o build/temp.linux-x86_64-3.5/lib/sqlalchemy/cextension/processors.o
  gcc -pthread -shared build/temp.linux-x86_64-3.5/lib/sqlalchemy/cextension/processors.o -o build/lib.linux-x86_64-3.5/sqlalchemy/cprocessors.cpython-35m-x86_64-linux-gnu.so
  building 'sqlalchemy.cresultproxy' extension
  gcc -pthread -Wno-unused-result -Wsign-compare -Wunreachable-code -DNDEBUG -g -fwrapv -O3 -Wall -Wstrict-prototypes -fPIC -I/usr/local/include/python3.5m -c lib/sqlalchemy/cextension/resultproxy.c -o build/temp.linux-x86_64-3.5/lib/sqlalchemy/cextension/resultproxy.o
  gcc -pthread -shared build/temp.linux-x86_64-3.5/lib/sqlalchemy/cextension/resultproxy.o -o build/lib.linux-x86_64-3.5/sqlalchemy/cresultproxy.cpython-35m-x86_64-linux-gnu.so
  building 'sqlalchemy.cutils' extension
  gcc -pthread -Wno-unused-result -Wsign-compare -Wunreachable-code -DNDEBUG -g -fwrapv -O3 -Wall -Wstrict-prototypes -fPIC -I/usr/local/include/python3.5m -c lib/sqlalchemy/cextension/utils.c -o build/temp.linux-x86_64-3.5/lib/sqlalchemy/cextension/utils.o
  gcc -pthread -shared build/temp.linux-x86_64-3.5/lib/sqlalchemy/cextension/utils.o -o build/lib.linux-x86_64-3.5/sqlalchemy/cutils.cpython-35m-x86_64-linux-gnu.so
  installing to build/bdist.linux-x86_64/wheel
  running install
  running install_lib
  creating build/bdist.linux-x86_64
  creating build/bdist.linux-x86_64/wheel
  creating build/bdist.linux-x86_64/wheel/sqlalchemy
  copying build/lib.linux-x86_64-3.5/sqlalchemy/events.py -> build/bdist.linux-x86_64/wheel/sqlalchemy
  copying build/lib.linux-x86_64-3.5/sqlalchemy/schema.py -> build/bdist.linux-x86_64/wheel/sqlalchemy
  copying build/lib.linux-x86_64-3.5/sqlalchemy/processors.py -> build/bdist.linux-x86_64/wheel/sqlalchemy
  copying build/lib.linux-x86_64-3.5/sqlalchemy/cutils.cpython-35m-x86_64-linux-gnu.so -> build/bdist.linux-x86_64/wheel/sqlalchemy
  copying build/lib.linux-x86_64-3.5/sqlalchemy/log.py -> build/bdist.linux-x86_64/wheel/sqlalchemy
  copying build/lib.linux-x86_64-3.5/sqlalchemy/exc.py -> build/bdist.linux-x86_64/wheel/sqlalchemy
  creating build/bdist.linux-x86_64/wheel/sqlalchemy/util
  copying build/lib.linux-x86_64-3.5/sqlalchemy/util/_collections.py -> build/bdist.linux-x86_64/wheel/sqlalchemy/util
  copying build/lib.linux-x86_64-3.5/sqlalchemy/util/topological.py -> build/bdist.linux-x86_64/wheel/sqlalchemy/util
  copying build/lib.linux-x86_64-3.5/sqlalchemy/util/queue.py -> build/bdist.linux-x86_64/wheel/sqlalchemy/util
  copying build/lib.linux-x86_64-3.5/sqlalchemy/util/langhelpers.py -> build/bdist.linux-x86_64/wheel/sqlalchemy/util
  copying build/lib.linux-x86_64-3.5/sqlalchemy/util/compat.py -> build/bdist.linux-x86_64/wheel/sqlalchemy/util
  copying build/lib.linux-x86_64-3.5/sqlalchemy/util/__init__.py -> build/bdist.linux-x86_64/wheel/sqlalchemy/util
  copying build/lib.linux-x86_64-3.5/sqlalchemy/util/deprecations.py -> build/bdist.linux-x86_64/wheel/sqlalchemy/util
  copying build/lib.linux-x86_64-3.5/sqlalchemy/inspection.py -> build/bdist.linux-x86_64/wheel/sqlalchemy
  creating build/bdist.linux-x86_64/wheel/sqlalchemy/testing
  copying build/lib.linux-x86_64-3.5/sqlalchemy/testing/distutils_run.py -> build/bdist.linux-x86_64/wheel/sqlalchemy/testing
  copying build/lib.linux-x86_64-3.5/sqlalchemy/testing/schema.py -> build/bdist.linux-x86_64/wheel/sqlalchemy/testing
  copying build/lib.linux-x86_64-3.5/sqlalchemy/testing/exclusions.py -> build/bdist.linux-x86_64/wheel/sqlalchemy/testing
  copying build/lib.linux-x86_64-3.5/sqlalchemy/testing/provision.py -> build/bdist.linux-x86_64/wheel/sqlalchemy/testing
  copying build/lib.linux-x86_64-3.5/sqlalchemy/testing/util.py -> build/bdist.linux-x86_64/wheel/sqlalchemy/testing
  copying build/lib.linux-x86_64-3.5/sqlalchemy/testing/replay_fixture.py -> build/bdist.linux-x86_64/wheel/sqlalchemy/testing
  creating build/bdist.linux-x86_64/wheel/sqlalchemy/testing/suite
  copying build/lib.linux-x86_64-3.5/sqlalchemy/testing/suite/test_sequence.py -> build/bdist.linux-x86_64/wheel/sqlalchemy/testing/suite
  copying build/lib.linux-x86_64-3.5/sqlalchemy/testing/suite/test_select.py -> build/bdist.linux-x86_64/wheel/sqlalchemy/testing/suite
  copying build/lib.linux-x86_64-3.5/sqlalchemy/testing/suite/test_update_delete.py -> build/bdist.linux-x86_64/wheel/sqlalchemy/testing/suite
  copying build/lib.linux-x86_64-3.5/sqlalchemy/testing/suite/test_reflection.py -> build/bdist.linux-x86_64/wheel/sqlalchemy/testing/suite
  copying build/lib.linux-x86_64-3.5/sqlalchemy/testing/suite/test_results.py -> build/bdist.linux-x86_64/wheel/sqlalchemy/testing/suite
  copying build/lib.linux-x86_64-3.5/sqlalchemy/testing/suite/test_insert.py -> build/bdist.linux-x86_64/wheel/sqlalchemy/testing/suite
  copying build/lib.linux-x86_64-3.5/sqlalchemy/testing/suite/test_types.py -> build/bdist.linux-x86_64/wheel/sqlalchemy/testing/suite
  copying build/lib.linux-x86_64-3.5/sqlalchemy/testing/suite/__init__.py -> build/bdist.linux-x86_64/wheel/sqlalchemy/testing/suite
  copying build/lib.linux-x86_64-3.5/sqlalchemy/testing/suite/test_dialect.py -> build/bdist.linux-x86_64/wheel/sqlalchemy/testing/suite
  copying build/lib.linux-x86_64-3.5/sqlalchemy/testing/suite/test_ddl.py -> build/bdist.linux-x86_64/wheel/sqlalchemy/testing/suite
  copying build/lib.linux-x86_64-3.5/sqlalchemy/testing/engines.py -> build/bdist.linux-x86_64/wheel/sqlalchemy/testing
  copying build/lib.linux-x86_64-3.5/sqlalchemy/testing/pickleable.py -> build/bdist.linux-x86_64/wheel/sqlalchemy/testing
  creating build/bdist.linux-x86_64/wheel/sqlalchemy/testing/plugin
  copying build/lib.linux-x86_64-3.5/sqlalchemy/testing/plugin/plugin_base.py -> build/bdist.linux-x86_64/wheel/sqlalchemy/testing/plugin
  copying build/lib.linux-x86_64-3.5/sqlalchemy/testing/plugin/bootstrap.py -> build/bdist.linux-x86_64/wheel/sqlalchemy/testing/plugin
  copying build/lib.linux-x86_64-3.5/sqlalchemy/testing/plugin/noseplugin.py -> build/bdist.linux-x86_64/wheel/sqlalchemy/testing/plugin
  copying build/lib.linux-x86_64-3.5/sqlalchemy/testing/plugin/__init__.py -> build/bdist.linux-x86_64/wheel/sqlalchemy/testing/plugin
  copying build/lib.linux-x86_64-3.5/sqlalchemy/testing/plugin/pytestplugin.py -> build/bdist.linux-x86_64/wheel/sqlalchemy/testing/plugin
  copying build/lib.linux-x86_64-3.5/sqlalchemy/testing/profiling.py -> build/bdist.linux-x86_64/wheel/sqlalchemy/testing
  copying build/lib.linux-x86_64-3.5/sqlalchemy/testing/warnings.py -> build/bdist.linux-x86_64/wheel/sqlalchemy/testing
  copying build/lib.linux-x86_64-3.5/sqlalchemy/testing/assertsql.py -> build/bdist.linux-x86_64/wheel/sqlalchemy/testing
  copying build/lib.linux-x86_64-3.5/sqlalchemy/testing/assertions.py -> build/bdist.linux-x86_64/wheel/sqlalchemy/testing
  copying build/lib.linux-x86_64-3.5/sqlalchemy/testing/runner.py -> build/bdist.linux-x86_64/wheel/sqlalchemy/testing
  copying build/lib.linux-x86_64-3.5/sqlalchemy/testing/requirements.py -> build/bdist.linux-x86_64/wheel/sqlalchemy/testing
  copying build/lib.linux-x86_64-3.5/sqlalchemy/testing/__init__.py -> build/bdist.linux-x86_64/wheel/sqlalchemy/testing
  copying build/lib.linux-x86_64-3.5/sqlalchemy/testing/config.py -> build/bdist.linux-x86_64/wheel/sqlalchemy/testing
  copying build/lib.linux-x86_64-3.5/sqlalchemy/testing/mock.py -> build/bdist.linux-x86_64/wheel/sqlalchemy/testing
  copying build/lib.linux-x86_64-3.5/sqlalchemy/testing/entities.py -> build/bdist.linux-x86_64/wheel/sqlalchemy/testing
  copying build/lib.linux-x86_64-3.5/sqlalchemy/testing/fixtures.py -> build/bdist.linux-x86_64/wheel/sqlalchemy/testing
  creating build/bdist.linux-x86_64/wheel/sqlalchemy/sql
  copying build/lib.linux-x86_64-3.5/sqlalchemy/sql/visitors.py -> build/bdist.linux-x86_64/wheel/sqlalchemy/sql
  copying build/lib.linux-x86_64-3.5/sqlalchemy/sql/annotation.py -> build/bdist.linux-x86_64/wheel/sqlalchemy/sql
  copying build/lib.linux-x86_64-3.5/sqlalchemy/sql/compiler.py -> build/bdist.linux-x86_64/wheel/sqlalchemy/sql
  copying build/lib.linux-x86_64-3.5/sqlalchemy/sql/selectable.py -> build/bdist.linux-x86_64/wheel/sqlalchemy/sql
  copying build/lib.linux-x86_64-3.5/sqlalchemy/sql/schema.py -> build/bdist.linux-x86_64/wheel/sqlalchemy/sql
  copying build/lib.linux-x86_64-3.5/sqlalchemy/sql/elements.py -> build/bdist.linux-x86_64/wheel/sqlalchemy/sql
  copying build/lib.linux-x86_64-3.5/sqlalchemy/sql/operators.py -> build/bdist.linux-x86_64/wheel/sqlalchemy/sql
  copying build/lib.linux-x86_64-3.5/sqlalchemy/sql/sqltypes.py -> build/bdist.linux-x86_64/wheel/sqlalchemy/sql
  copying build/lib.linux-x86_64-3.5/sqlalchemy/sql/ddl.py -> build/bdist.linux-x86_64/wheel/sqlalchemy/sql
  copying build/lib.linux-x86_64-3.5/sqlalchemy/sql/type_api.py -> build/bdist.linux-x86_64/wheel/sqlalchemy/sql
  copying build/lib.linux-x86_64-3.5/sqlalchemy/sql/base.py -> build/bdist.linux-x86_64/wheel/sqlalchemy/sql
  copying build/lib.linux-x86_64-3.5/sqlalchemy/sql/default_comparator.py -> build/bdist.linux-x86_64/wheel/sqlalchemy/sql
  copying build/lib.linux-x86_64-3.5/sqlalchemy/sql/util.py -> build/bdist.linux-x86_64/wheel/sqlalchemy/sql
  copying build/lib.linux-x86_64-3.5/sqlalchemy/sql/dml.py -> build/bdist.linux-x86_64/wheel/sqlalchemy/sql
  copying build/lib.linux-x86_64-3.5/sqlalchemy/sql/expression.py -> build/bdist.linux-x86_64/wheel/sqlalchemy/sql
  copying build/lib.linux-x86_64-3.5/sqlalchemy/sql/naming.py -> build/bdist.linux-x86_64/wheel/sqlalchemy/sql
  copying build/lib.linux-x86_64-3.5/sqlalchemy/sql/functions.py -> build/bdist.linux-x86_64/wheel/sqlalchemy/sql
  copying build/lib.linux-x86_64-3.5/sqlalchemy/sql/__init__.py -> build/bdist.linux-x86_64/wheel/sqlalchemy/sql
  copying build/lib.linux-x86_64-3.5/sqlalchemy/sql/crud.py -> build/bdist.linux-x86_64/wheel/sqlalchemy/sql
  creating build/bdist.linux-x86_64/wheel/sqlalchemy/connectors
  copying build/lib.linux-x86_64-3.5/sqlalchemy/connectors/pyodbc.py -> build/bdist.linux-x86_64/wheel/sqlalchemy/connectors
  copying build/lib.linux-x86_64-3.5/sqlalchemy/connectors/mxodbc.py -> build/bdist.linux-x86_64/wheel/sqlalchemy/connectors
  copying build/lib.linux-x86_64-3.5/sqlalchemy/connectors/zxJDBC.py -> build/bdist.linux-x86_64/wheel/sqlalchemy/connectors
  copying build/lib.linux-x86_64-3.5/sqlalchemy/connectors/__init__.py -> build/bdist.linux-x86_64/wheel/sqlalchemy/connectors
  copying build/lib.linux-x86_64-3.5/sqlalchemy/interfaces.py -> build/bdist.linux-x86_64/wheel/sqlalchemy
  copying build/lib.linux-x86_64-3.5/sqlalchemy/cprocessors.cpython-35m-x86_64-linux-gnu.so -> build/bdist.linux-x86_64/wheel/sqlalchemy
  creating build/bdist.linux-x86_64/wheel/sqlalchemy/dialects
  creating build/bdist.linux-x86_64/wheel/sqlalchemy/dialects/mysql
  copying build/lib.linux-x86_64-3.5/sqlalchemy/dialects/mysql/oursql.py -> build/bdist.linux-x86_64/wheel/sqlalchemy/dialects/mysql
  copying build/lib.linux-x86_64-3.5/sqlalchemy/dialects/mysql/mysqlconnector.py -> build/bdist.linux-x86_64/wheel/sqlalchemy/dialects/mysql
  copying build/lib.linux-x86_64-3.5/sqlalchemy/dialects/mysql/zxjdbc.py -> build/bdist.linux-x86_64/wheel/sqlalchemy/dialects/mysql
  copying build/lib.linux-x86_64-3.5/sqlalchemy/dialects/mysql/base.py -> build/bdist.linux-x86_64/wheel/sqlalchemy/dialects/mysql
  copying build/lib.linux-x86_64-3.5/sqlalchemy/dialects/mysql/pyodbc.py -> build/bdist.linux-x86_64/wheel/sqlalchemy/dialects/mysql
  copying build/lib.linux-x86_64-3.5/sqlalchemy/dialects/mysql/pymysql.py -> build/bdist.linux-x86_64/wheel/sqlalchemy/dialects/mysql
  copying build/lib.linux-x86_64-3.5/sqlalchemy/dialects/mysql/cymysql.py -> build/bdist.linux-x86_64/wheel/sqlalchemy/dialects/mysql
  copying build/lib.linux-x86_64-3.5/sqlalchemy/dialects/mysql/mysqldb.py -> build/bdist.linux-x86_64/wheel/sqlalchemy/dialects/mysql
  copying build/lib.linux-x86_64-3.5/sqlalchemy/dialects/mysql/gaerdbms.py -> build/bdist.linux-x86_64/wheel/sqlalchemy/dialects/mysql
  copying build/lib.linux-x86_64-3.5/sqlalchemy/dialects/mysql/__init__.py -> build/bdist.linux-x86_64/wheel/sqlalchemy/dialects/mysql
  creating build/bdist.linux-x86_64/wheel/sqlalchemy/dialects/postgresql
  copying build/lib.linux-x86_64-3.5/sqlalchemy/dialects/postgresql/ranges.py -> build/bdist.linux-x86_64/wheel/sqlalchemy/dialects/postgresql
  copying build/lib.linux-x86_64-3.5/sqlalchemy/dialects/postgresql/constraints.py -> build/bdist.linux-x86_64/wheel/sqlalchemy/dialects/postgresql
  copying build/lib.linux-x86_64-3.5/sqlalchemy/dialects/postgresql/zxjdbc.py -> build/bdist.linux-x86_64/wheel/sqlalchemy/dialects/postgresql
  copying build/lib.linux-x86_64-3.5/sqlalchemy/dialects/postgresql/pg8000.py -> build/bdist.linux-x86_64/wheel/sqlalchemy/dialects/postgresql
  copying build/lib.linux-x86_64-3.5/sqlalchemy/dialects/postgresql/psycopg2.py -> build/bdist.linux-x86_64/wheel/sqlalchemy/dialects/postgresql
  copying build/lib.linux-x86_64-3.5/sqlalchemy/dialects/postgresql/psycopg2cffi.py -> build/bdist.linux-x86_64/wheel/sqlalchemy/dialects/postgresql
  copying build/lib.linux-x86_64-3.5/sqlalchemy/dialects/postgresql/base.py -> build/bdist.linux-x86_64/wheel/sqlalchemy/dialects/postgresql
  copying build/lib.linux-x86_64-3.5/sqlalchemy/dialects/postgresql/pypostgresql.py -> build/bdist.linux-x86_64/wheel/sqlalchemy/dialects/postgresql
  copying build/lib.linux-x86_64-3.5/sqlalchemy/dialects/postgresql/hstore.py -> build/bdist.linux-x86_64/wheel/sqlalchemy/dialects/postgresql
  copying build/lib.linux-x86_64-3.5/sqlalchemy/dialects/postgresql/json.py -> build/bdist.linux-x86_64/wheel/sqlalchemy/dialects/postgresql
  copying build/lib.linux-x86_64-3.5/sqlalchemy/dialects/postgresql/__init__.py -> build/bdist.linux-x86_64/wheel/sqlalchemy/dialects/postgresql
  creating build/bdist.linux-x86_64/wheel/sqlalchemy/dialects/mssql
  copying build/lib.linux-x86_64-3.5/sqlalchemy/dialects/mssql/zxjdbc.py -> build/bdist.linux-x86_64/wheel/sqlalchemy/dialects/mssql
  copying build/lib.linux-x86_64-3.5/sqlalchemy/dialects/mssql/base.py -> build/bdist.linux-x86_64/wheel/sqlalchemy/dialects/mssql
  copying build/lib.linux-x86_64-3.5/sqlalchemy/dialects/mssql/information_schema.py -> build/bdist.linux-x86_64/wheel/sqlalchemy/dialects/mssql
  copying build/lib.linux-x86_64-3.5/sqlalchemy/dialects/mssql/adodbapi.py -> build/bdist.linux-x86_64/wheel/sqlalchemy/dialects/mssql
  copying build/lib.linux-x86_64-3.5/sqlalchemy/dialects/mssql/pyodbc.py -> build/bdist.linux-x86_64/wheel/sqlalchemy/dialects/mssql
  copying build/lib.linux-x86_64-3.5/sqlalchemy/dialects/mssql/pymssql.py -> build/bdist.linux-x86_64/wheel/sqlalchemy/dialects/mssql
  copying build/lib.linux-x86_64-3.5/sqlalchemy/dialects/mssql/mxodbc.py -> build/bdist.linux-x86_64/wheel/sqlalchemy/dialects/mssql
  copying build/lib.linux-x86_64-3.5/sqlalchemy/dialects/mssql/__init__.py -> build/bdist.linux-x86_64/wheel/sqlalchemy/dialects/mssql
  creating build/bdist.linux-x86_64/wheel/sqlalchemy/dialects/firebird
  copying build/lib.linux-x86_64-3.5/sqlalchemy/dialects/firebird/base.py -> build/bdist.linux-x86_64/wheel/sqlalchemy/dialects/firebird
  copying build/lib.linux-x86_64-3.5/sqlalchemy/dialects/firebird/fdb.py -> build/bdist.linux-x86_64/wheel/sqlalchemy/dialects/firebird
  copying build/lib.linux-x86_64-3.5/sqlalchemy/dialects/firebird/kinterbasdb.py -> build/bdist.linux-x86_64/wheel/sqlalchemy/dialects/firebird
  copying build/lib.linux-x86_64-3.5/sqlalchemy/dialects/firebird/__init__.py -> build/bdist.linux-x86_64/wheel/sqlalchemy/dialects/firebird
  copying build/lib.linux-x86_64-3.5/sqlalchemy/dialects/postgres.py -> build/bdist.linux-x86_64/wheel/sqlalchemy/dialects
  creating build/bdist.linux-x86_64/wheel/sqlalchemy/dialects/sybase
  copying build/lib.linux-x86_64-3.5/sqlalchemy/dialects/sybase/pysybase.py -> build/bdist.linux-x86_64/wheel/sqlalchemy/dialects/sybase
  copying build/lib.linux-x86_64-3.5/sqlalchemy/dialects/sybase/base.py -> build/bdist.linux-x86_64/wheel/sqlalchemy/dialects/sybase
  copying build/lib.linux-x86_64-3.5/sqlalchemy/dialects/sybase/pyodbc.py -> build/bdist.linux-x86_64/wheel/sqlalchemy/dialects/sybase
  copying build/lib.linux-x86_64-3.5/sqlalchemy/dialects/sybase/mxodbc.py -> build/bdist.linux-x86_64/wheel/sqlalchemy/dialects/sybase
  copying build/lib.linux-x86_64-3.5/sqlalchemy/dialects/sybase/__init__.py -> build/bdist.linux-x86_64/wheel/sqlalchemy/dialects/sybase
  creating build/bdist.linux-x86_64/wheel/sqlalchemy/dialects/oracle
  copying build/lib.linux-x86_64-3.5/sqlalchemy/dialects/oracle/zxjdbc.py -> build/bdist.linux-x86_64/wheel/sqlalchemy/dialects/oracle
  copying build/lib.linux-x86_64-3.5/sqlalchemy/dialects/oracle/base.py -> build/bdist.linux-x86_64/wheel/sqlalchemy/dialects/oracle
  copying build/lib.linux-x86_64-3.5/sqlalchemy/dialects/oracle/cx_oracle.py -> build/bdist.linux-x86_64/wheel/sqlalchemy/dialects/oracle
  copying build/lib.linux-x86_64-3.5/sqlalchemy/dialects/oracle/__init__.py -> build/bdist.linux-x86_64/wheel/sqlalchemy/dialects/oracle
  copying build/lib.linux-x86_64-3.5/sqlalchemy/dialects/__init__.py -> build/bdist.linux-x86_64/wheel/sqlalchemy/dialects
  creating build/bdist.linux-x86_64/wheel/sqlalchemy/dialects/sqlite
  copying build/lib.linux-x86_64-3.5/sqlalchemy/dialects/sqlite/pysqlite.py -> build/bdist.linux-x86_64/wheel/sqlalchemy/dialects/sqlite
  copying build/lib.linux-x86_64-3.5/sqlalchemy/dialects/sqlite/base.py -> build/bdist.linux-x86_64/wheel/sqlalchemy/dialects/sqlite
  copying build/lib.linux-x86_64-3.5/sqlalchemy/dialects/sqlite/__init__.py -> build/bdist.linux-x86_64/wheel/sqlalchemy/dialects/sqlite
  copying build/lib.linux-x86_64-3.5/sqlalchemy/dialects/sqlite/pysqlcipher.py -> build/bdist.linux-x86_64/wheel/sqlalchemy/dialects/sqlite
  copying build/lib.linux-x86_64-3.5/sqlalchemy/pool.py -> build/bdist.linux-x86_64/wheel/sqlalchemy
  creating build/bdist.linux-x86_64/wheel/sqlalchemy/orm
  copying build/lib.linux-x86_64-3.5/sqlalchemy/orm/strategies.py -> build/bdist.linux-x86_64/wheel/sqlalchemy/orm
  copying build/lib.linux-x86_64-3.5/sqlalchemy/orm/events.py -> build/bdist.linux-x86_64/wheel/sqlalchemy/orm
  copying build/lib.linux-x86_64-3.5/sqlalchemy/orm/sync.py -> build/bdist.linux-x86_64/wheel/sqlalchemy/orm
  copying build/lib.linux-x86_64-3.5/sqlalchemy/orm/mapper.py -> build/bdist.linux-x86_64/wheel/sqlalchemy/orm
  copying build/lib.linux-x86_64-3.5/sqlalchemy/orm/exc.py -> build/bdist.linux-x86_64/wheel/sqlalchemy/orm
  copying build/lib.linux-x86_64-3.5/sqlalchemy/orm/attributes.py -> build/bdist.linux-x86_64/wheel/sqlalchemy/orm
  copying build/lib.linux-x86_64-3.5/sqlalchemy/orm/base.py -> build/bdist.linux-x86_64/wheel/sqlalchemy/orm
  copying build/lib.linux-x86_64-3.5/sqlalchemy/orm/util.py -> build/bdist.linux-x86_64/wheel/sqlalchemy/orm
  copying build/lib.linux-x86_64-3.5/sqlalchemy/orm/relationships.py -> build/bdist.linux-x86_64/wheel/sqlalchemy/orm
  copying build/lib.linux-x86_64-3.5/sqlalchemy/orm/strategy_options.py -> build/bdist.linux-x86_64/wheel/sqlalchemy/orm
  copying build/lib.linux-x86_64-3.5/sqlalchemy/orm/dynamic.py -> build/bdist.linux-x86_64/wheel/sqlalchemy/orm
  copying build/lib.linux-x86_64-3.5/sqlalchemy/orm/persistence.py -> build/bdist.linux-x86_64/wheel/sqlalchemy/orm
  copying build/lib.linux-x86_64-3.5/sqlalchemy/orm/interfaces.py -> build/bdist.linux-x86_64/wheel/sqlalchemy/orm
  copying build/lib.linux-x86_64-3.5/sqlalchemy/orm/descriptor_props.py -> build/bdist.linux-x86_64/wheel/sqlalchemy/orm
  copying build/lib.linux-x86_64-3.5/sqlalchemy/orm/session.py -> build/bdist.linux-x86_64/wheel/sqlalchemy/orm
  copying build/lib.linux-x86_64-3.5/sqlalchemy/orm/evaluator.py -> build/bdist.linux-x86_64/wheel/sqlalchemy/orm
  copying build/lib.linux-x86_64-3.5/sqlalchemy/orm/instrumentation.py -> build/bdist.linux-x86_64/wheel/sqlalchemy/orm
  copying build/lib.linux-x86_64-3.5/sqlalchemy/orm/properties.py -> build/bdist.linux-x86_64/wheel/sqlalchemy/orm
  copying build/lib.linux-x86_64-3.5/sqlalchemy/orm/deprecated_interfaces.py -> build/bdist.linux-x86_64/wheel/sqlalchemy/orm
  copying build/lib.linux-x86_64-3.5/sqlalchemy/orm/path_registry.py -> build/bdist.linux-x86_64/wheel/sqlalchemy/orm
  copying build/lib.linux-x86_64-3.5/sqlalchemy/orm/unitofwork.py -> build/bdist.linux-x86_64/wheel/sqlalchemy/orm
  copying build/lib.linux-x86_64-3.5/sqlalchemy/orm/dependency.py -> build/bdist.linux-x86_64/wheel/sqlalchemy/orm
  copying build/lib.linux-x86_64-3.5/sqlalchemy/orm/loading.py -> build/bdist.linux-x86_64/wheel/sqlalchemy/orm
  copying build/lib.linux-x86_64-3.5/sqlalchemy/orm/identity.py -> build/bdist.linux-x86_64/wheel/sqlalchemy/orm
  copying build/lib.linux-x86_64-3.5/sqlalchemy/orm/__init__.py -> build/bdist.linux-x86_64/wheel/sqlalchemy/orm
  copying build/lib.linux-x86_64-3.5/sqlalchemy/orm/query.py -> build/bdist.linux-x86_64/wheel/sqlalchemy/orm
  copying build/lib.linux-x86_64-3.5/sqlalchemy/orm/collections.py -> build/bdist.linux-x86_64/wheel/sqlalchemy/orm
  copying build/lib.linux-x86_64-3.5/sqlalchemy/orm/state.py -> build/bdist.linux-x86_64/wheel/sqlalchemy/orm
  copying build/lib.linux-x86_64-3.5/sqlalchemy/orm/scoping.py -> build/bdist.linux-x86_64/wheel/sqlalchemy/orm
  creating build/bdist.linux-x86_64/wheel/sqlalchemy/engine
  copying build/lib.linux-x86_64-3.5/sqlalchemy/engine/strategies.py -> build/bdist.linux-x86_64/wheel/sqlalchemy/engine
  copying build/lib.linux-x86_64-3.5/sqlalchemy/engine/base.py -> build/bdist.linux-x86_64/wheel/sqlalchemy/engine
  copying build/lib.linux-x86_64-3.5/sqlalchemy/engine/util.py -> build/bdist.linux-x86_64/wheel/sqlalchemy/engine
  copying build/lib.linux-x86_64-3.5/sqlalchemy/engine/threadlocal.py -> build/bdist.linux-x86_64/wheel/sqlalchemy/engine
  copying build/lib.linux-x86_64-3.5/sqlalchemy/engine/reflection.py -> build/bdist.linux-x86_64/wheel/sqlalchemy/engine
  copying build/lib.linux-x86_64-3.5/sqlalchemy/engine/url.py -> build/bdist.linux-x86_64/wheel/sqlalchemy/engine
  copying build/lib.linux-x86_64-3.5/sqlalchemy/engine/interfaces.py -> build/bdist.linux-x86_64/wheel/sqlalchemy/engine
  copying build/lib.linux-x86_64-3.5/sqlalchemy/engine/default.py -> build/bdist.linux-x86_64/wheel/sqlalchemy/engine
  copying build/lib.linux-x86_64-3.5/sqlalchemy/engine/result.py -> build/bdist.linux-x86_64/wheel/sqlalchemy/engine
  copying build/lib.linux-x86_64-3.5/sqlalchemy/engine/__init__.py -> build/bdist.linux-x86_64/wheel/sqlalchemy/engine
  creating build/bdist.linux-x86_64/wheel/sqlalchemy/ext
  copying build/lib.linux-x86_64-3.5/sqlalchemy/ext/baked.py -> build/bdist.linux-x86_64/wheel/sqlalchemy/ext
  copying build/lib.linux-x86_64-3.5/sqlalchemy/ext/compiler.py -> build/bdist.linux-x86_64/wheel/sqlalchemy/ext
  copying build/lib.linux-x86_64-3.5/sqlalchemy/ext/associationproxy.py -> build/bdist.linux-x86_64/wheel/sqlalchemy/ext
  copying build/lib.linux-x86_64-3.5/sqlalchemy/ext/serializer.py -> build/bdist.linux-x86_64/wheel/sqlalchemy/ext
  copying build/lib.linux-x86_64-3.5/sqlalchemy/ext/automap.py -> build/bdist.linux-x86_64/wheel/sqlalchemy/ext
  copying build/lib.linux-x86_64-3.5/sqlalchemy/ext/hybrid.py -> build/bdist.linux-x86_64/wheel/sqlalchemy/ext
  copying build/lib.linux-x86_64-3.5/sqlalchemy/ext/orderinglist.py -> build/bdist.linux-x86_64/wheel/sqlalchemy/ext
  copying build/lib.linux-x86_64-3.5/sqlalchemy/ext/horizontal_shard.py -> build/bdist.linux-x86_64/wheel/sqlalchemy/ext
  copying build/lib.linux-x86_64-3.5/sqlalchemy/ext/instrumentation.py -> build/bdist.linux-x86_64/wheel/sqlalchemy/ext
  creating build/bdist.linux-x86_64/wheel/sqlalchemy/ext/declarative
  copying build/lib.linux-x86_64-3.5/sqlalchemy/ext/declarative/base.py -> build/bdist.linux-x86_64/wheel/sqlalchemy/ext/declarative
  copying build/lib.linux-x86_64-3.5/sqlalchemy/ext/declarative/clsregistry.py -> build/bdist.linux-x86_64/wheel/sqlalchemy/ext/declarative
  copying build/lib.linux-x86_64-3.5/sqlalchemy/ext/declarative/api.py -> build/bdist.linux-x86_64/wheel/sqlalchemy/ext/declarative
  copying build/lib.linux-x86_64-3.5/sqlalchemy/ext/declarative/__init__.py -> build/bdist.linux-x86_64/wheel/sqlalchemy/ext/declarative
  copying build/lib.linux-x86_64-3.5/sqlalchemy/ext/mutable.py -> build/bdist.linux-x86_64/wheel/sqlalchemy/ext
  copying build/lib.linux-x86_64-3.5/sqlalchemy/ext/__init__.py -> build/bdist.linux-x86_64/wheel/sqlalchemy/ext
  copying build/lib.linux-x86_64-3.5/sqlalchemy/__init__.py -> build/bdist.linux-x86_64/wheel/sqlalchemy
  copying build/lib.linux-x86_64-3.5/sqlalchemy/cresultproxy.cpython-35m-x86_64-linux-gnu.so -> build/bdist.linux-x86_64/wheel/sqlalchemy
  creating build/bdist.linux-x86_64/wheel/sqlalchemy/databases
  copying build/lib.linux-x86_64-3.5/sqlalchemy/databases/__init__.py -> build/bdist.linux-x86_64/wheel/sqlalchemy/databases
  creating build/bdist.linux-x86_64/wheel/sqlalchemy/event
  copying build/lib.linux-x86_64-3.5/sqlalchemy/event/registry.py -> build/bdist.linux-x86_64/wheel/sqlalchemy/event
  copying build/lib.linux-x86_64-3.5/sqlalchemy/event/attr.py -> build/bdist.linux-x86_64/wheel/sqlalchemy/event
  copying build/lib.linux-x86_64-3.5/sqlalchemy/event/base.py -> build/bdist.linux-x86_64/wheel/sqlalchemy/event
  copying build/lib.linux-x86_64-3.5/sqlalchemy/event/api.py -> build/bdist.linux-x86_64/wheel/sqlalchemy/event
  copying build/lib.linux-x86_64-3.5/sqlalchemy/event/__init__.py -> build/bdist.linux-x86_64/wheel/sqlalchemy/event
  copying build/lib.linux-x86_64-3.5/sqlalchemy/event/legacy.py -> build/bdist.linux-x86_64/wheel/sqlalchemy/event
  copying build/lib.linux-x86_64-3.5/sqlalchemy/types.py -> build/bdist.linux-x86_64/wheel/sqlalchemy
  running install_egg_info
  running egg_info
  writing top-level names to lib/SQLAlchemy.egg-info/top_level.txt
  writing dependency_links to lib/SQLAlchemy.egg-info/dependency_links.txt
  writing lib/SQLAlchemy.egg-info/PKG-INFO
  warning: manifest_maker: standard file '-c' not found
  
  reading manifest file 'lib/SQLAlchemy.egg-info/SOURCES.txt'
  reading manifest template 'MANIFEST.in'
  warning: no files found matching '*.jpg' under directory 'doc'
  warning: no files found matching '*.mako' under directory 'doc'
  warning: no files found matching 'distribute_setup.py'
  warning: no files found matching 'sa2to3.py'
  warning: no files found matching 'ez_setup.py'
  no previously-included directories found matching 'doc/build/output'
  writing manifest file 'lib/SQLAlchemy.egg-info/SOURCES.txt'
  Copying lib/SQLAlchemy.egg-info to build/bdist.linux-x86_64/wheel/SQLAlchemy-1.0.10-py3.5.egg-info
  running install_scripts
  Traceback (most recent call last):
    File "<string>", line 1, in <module>
    File "/tmp/pip-build-al6_a4wg/sqlalchemy/setup.py", line 170, in <module>
      run_setup(True)
    File "/tmp/pip-build-al6_a4wg/sqlalchemy/setup.py", line 150, in run_setup
      **kwargs
    File "/usr/local/lib/python3.5/distutils/core.py", line 148, in setup
      dist.run_commands()
    File "/usr/local/lib/python3.5/distutils/dist.py", line 955, in run_commands
      self.run_command(cmd)
    File "/usr/local/lib/python3.5/distutils/dist.py", line 974, in run_command
      cmd_obj.run()
    File "/home/dowwie/yosai_alchemystore/.tox/py35/lib/python3.5/site-packages/wheel/bdist_wheel.py", line 213, in run
      archive_basename = self.get_archive_basename()
    File "/home/dowwie/yosai_alchemystore/.tox/py35/lib/python3.5/site-packages/wheel/bdist_wheel.py", line 161, in get_archive_basename
      impl_tag, abi_tag, plat_tag = self.get_tag()
    File "/home/dowwie/yosai_alchemystore/.tox/py35/lib/python3.5/site-packages/wheel/bdist_wheel.py", line 155, in get_tag
      assert tag == supported_tags[0]
  AssertionError
  
  ----------------------------------------
  Failed building wheel for sqlalchemy
  Running setup.py bdist_wheel for coverage
  Complete output from command /home/dowwie/yosai_alchemystore/.tox/py35/bin/python3.5 -c "import setuptools;__file__='/tmp/pip-build-al6_a4wg/coverage/setup.py';exec(compile(open(__file__).read().replace('\r\n', '\n'), __file__, 'exec'))" bdist_wheel -d /tmp/tmp6dt87ox8pip-wheel-:
  running bdist_wheel
  running build
  running build_py
  creating build
  creating build/lib.linux-x86_64-3.5
  creating build/lib.linux-x86_64-3.5/coverage
  copying coverage/pytracer.py -> build/lib.linux-x86_64-3.5/coverage
  copying coverage/env.py -> build/lib.linux-x86_64-3.5/coverage
  copying coverage/plugin.py -> build/lib.linux-x86_64-3.5/coverage
  copying coverage/pickle2json.py -> build/lib.linux-x86_64-3.5/coverage
  copying coverage/parser.py -> build/lib.linux-x86_64-3.5/coverage
  copying coverage/backunittest.py -> build/lib.linux-x86_64-3.5/coverage
  copying coverage/python.py -> build/lib.linux-x86_64-3.5/coverage
  copying coverage/xmlreport.py -> build/lib.linux-x86_64-3.5/coverage
  copying coverage/summary.py -> build/lib.linux-x86_64-3.5/coverage
  copying coverage/misc.py -> build/lib.linux-x86_64-3.5/coverage
  copying coverage/html.py -> build/lib.linux-x86_64-3.5/coverage
  copying coverage/report.py -> build/lib.linux-x86_64-3.5/coverage
  copying coverage/version.py -> build/lib.linux-x86_64-3.5/coverage
  copying coverage/debug.py -> build/lib.linux-x86_64-3.5/coverage
  copying coverage/annotate.py -> build/lib.linux-x86_64-3.5/coverage
  copying coverage/cmdline.py -> build/lib.linux-x86_64-3.5/coverage
  copying coverage/__main__.py -> build/lib.linux-x86_64-3.5/coverage
  copying coverage/plugin_support.py -> build/lib.linux-x86_64-3.5/coverage
  copying coverage/results.py -> build/lib.linux-x86_64-3.5/coverage
  copying coverage/collector.py -> build/lib.linux-x86_64-3.5/coverage
  copying coverage/monkey.py -> build/lib.linux-x86_64-3.5/coverage
  copying coverage/templite.py -> build/lib.linux-x86_64-3.5/coverage
  copying coverage/control.py -> build/lib.linux-x86_64-3.5/coverage
  copying coverage/backward.py -> build/lib.linux-x86_64-3.5/coverage
  copying coverage/data.py -> build/lib.linux-x86_64-3.5/coverage
  copying coverage/execfile.py -> build/lib.linux-x86_64-3.5/coverage
  copying coverage/phystokens.py -> build/lib.linux-x86_64-3.5/coverage
  copying coverage/files.py -> build/lib.linux-x86_64-3.5/coverage
  copying coverage/test_helpers.py -> build/lib.linux-x86_64-3.5/coverage
  copying coverage/__init__.py -> build/lib.linux-x86_64-3.5/coverage
  copying coverage/config.py -> build/lib.linux-x86_64-3.5/coverage
  copying coverage/bytecode.py -> build/lib.linux-x86_64-3.5/coverage
  creating build/lib.linux-x86_64-3.5/coverage/htmlfiles
  copying coverage/htmlfiles/keybd_open.png -> build/lib.linux-x86_64-3.5/coverage/htmlfiles
  copying coverage/htmlfiles/jquery.hotkeys.js -> build/lib.linux-x86_64-3.5/coverage/htmlfiles
  copying coverage/htmlfiles/jquery.debounce.min.js -> build/lib.linux-x86_64-3.5/coverage/htmlfiles
  copying coverage/htmlfiles/style.css -> build/lib.linux-x86_64-3.5/coverage/htmlfiles
  copying coverage/htmlfiles/keybd_closed.png -> build/lib.linux-x86_64-3.5/coverage/htmlfiles
  copying coverage/htmlfiles/jquery.isonscreen.js -> build/lib.linux-x86_64-3.5/coverage/htmlfiles
  copying coverage/htmlfiles/index.html -> build/lib.linux-x86_64-3.5/coverage/htmlfiles
  copying coverage/htmlfiles/coverage_html.js -> build/lib.linux-x86_64-3.5/coverage/htmlfiles
  copying coverage/htmlfiles/pyfile.html -> build/lib.linux-x86_64-3.5/coverage/htmlfiles
  copying coverage/htmlfiles/jquery.min.js -> build/lib.linux-x86_64-3.5/coverage/htmlfiles
  copying coverage/htmlfiles/jquery.tablesorter.min.js -> build/lib.linux-x86_64-3.5/coverage/htmlfiles
  running build_ext
  building 'coverage.tracer' extension
  creating build/temp.linux-x86_64-3.5
  creating build/temp.linux-x86_64-3.5/coverage
  creating build/temp.linux-x86_64-3.5/coverage/ctracer
  gcc -pthread -Wno-unused-result -Wsign-compare -Wunreachable-code -DNDEBUG -g -fwrapv -O3 -Wall -Wstrict-prototypes -fPIC -I/usr/local/include/python3.5m -c coverage/ctracer/datastack.c -o build/temp.linux-x86_64-3.5/coverage/ctracer/datastack.o
  gcc -pthread -Wno-unused-result -Wsign-compare -Wunreachable-code -DNDEBUG -g -fwrapv -O3 -Wall -Wstrict-prototypes -fPIC -I/usr/local/include/python3.5m -c coverage/ctracer/filedisp.c -o build/temp.linux-x86_64-3.5/coverage/ctracer/filedisp.o
  gcc -pthread -Wno-unused-result -Wsign-compare -Wunreachable-code -DNDEBUG -g -fwrapv -O3 -Wall -Wstrict-prototypes -fPIC -I/usr/local/include/python3.5m -c coverage/ctracer/module.c -o build/temp.linux-x86_64-3.5/coverage/ctracer/module.o
  gcc -pthread -Wno-unused-result -Wsign-compare -Wunreachable-code -DNDEBUG -g -fwrapv -O3 -Wall -Wstrict-prototypes -fPIC -I/usr/local/include/python3.5m -c coverage/ctracer/tracer.c -o build/temp.linux-x86_64-3.5/coverage/ctracer/tracer.o
  gcc -pthread -shared build/temp.linux-x86_64-3.5/coverage/ctracer/datastack.o build/temp.linux-x86_64-3.5/coverage/ctracer/filedisp.o build/temp.linux-x86_64-3.5/coverage/ctracer/module.o build/temp.linux-x86_64-3.5/coverage/ctracer/tracer.o -o build/lib.linux-x86_64-3.5/coverage/tracer.cpython-35m-x86_64-linux-gnu.so
  installing to build/bdist.linux-x86_64/wheel
  running install
  running install_lib
  creating build/bdist.linux-x86_64
  creating build/bdist.linux-x86_64/wheel
  creating build/bdist.linux-x86_64/wheel/coverage
  copying build/lib.linux-x86_64-3.5/coverage/pytracer.py -> build/bdist.linux-x86_64/wheel/coverage
  copying build/lib.linux-x86_64-3.5/coverage/env.py -> build/bdist.linux-x86_64/wheel/coverage
  copying build/lib.linux-x86_64-3.5/coverage/plugin.py -> build/bdist.linux-x86_64/wheel/coverage
  copying build/lib.linux-x86_64-3.5/coverage/pickle2json.py -> build/bdist.linux-x86_64/wheel/coverage
  copying build/lib.linux-x86_64-3.5/coverage/parser.py -> build/bdist.linux-x86_64/wheel/coverage
  copying build/lib.linux-x86_64-3.5/coverage/backunittest.py -> build/bdist.linux-x86_64/wheel/coverage
  copying build/lib.linux-x86_64-3.5/coverage/python.py -> build/bdist.linux-x86_64/wheel/coverage
  copying build/lib.linux-x86_64-3.5/coverage/xmlreport.py -> build/bdist.linux-x86_64/wheel/coverage
  copying build/lib.linux-x86_64-3.5/coverage/summary.py -> build/bdist.linux-x86_64/wheel/coverage
  copying build/lib.linux-x86_64-3.5/coverage/misc.py -> build/bdist.linux-x86_64/wheel/coverage
  creating build/bdist.linux-x86_64/wheel/coverage/htmlfiles
  copying build/lib.linux-x86_64-3.5/coverage/htmlfiles/keybd_open.png -> build/bdist.linux-x86_64/wheel/coverage/htmlfiles
  copying build/lib.linux-x86_64-3.5/coverage/htmlfiles/jquery.hotkeys.js -> build/bdist.linux-x86_64/wheel/coverage/htmlfiles
  copying build/lib.linux-x86_64-3.5/coverage/htmlfiles/jquery.debounce.min.js -> build/bdist.linux-x86_64/wheel/coverage/htmlfiles
  copying build/lib.linux-x86_64-3.5/coverage/htmlfiles/style.css -> build/bdist.linux-x86_64/wheel/coverage/htmlfiles
  copying build/lib.linux-x86_64-3.5/coverage/htmlfiles/keybd_closed.png -> build/bdist.linux-x86_64/wheel/coverage/htmlfiles
  copying build/lib.linux-x86_64-3.5/coverage/htmlfiles/jquery.isonscreen.js -> build/bdist.linux-x86_64/wheel/coverage/htmlfiles
  copying build/lib.linux-x86_64-3.5/coverage/htmlfiles/index.html -> build/bdist.linux-x86_64/wheel/coverage/htmlfiles
  copying build/lib.linux-x86_64-3.5/coverage/htmlfiles/coverage_html.js -> build/bdist.linux-x86_64/wheel/coverage/htmlfiles
  copying build/lib.linux-x86_64-3.5/coverage/htmlfiles/pyfile.html -> build/bdist.linux-x86_64/wheel/coverage/htmlfiles
  copying build/lib.linux-x86_64-3.5/coverage/htmlfiles/jquery.min.js -> build/bdist.linux-x86_64/wheel/coverage/htmlfiles
  copying build/lib.linux-x86_64-3.5/coverage/htmlfiles/jquery.tablesorter.min.js -> build/bdist.linux-x86_64/wheel/coverage/htmlfiles
  copying build/lib.linux-x86_64-3.5/coverage/html.py -> build/bdist.linux-x86_64/wheel/coverage
  copying build/lib.linux-x86_64-3.5/coverage/report.py -> build/bdist.linux-x86_64/wheel/coverage
  copying build/lib.linux-x86_64-3.5/coverage/version.py -> build/bdist.linux-x86_64/wheel/coverage
  copying build/lib.linux-x86_64-3.5/coverage/debug.py -> build/bdist.linux-x86_64/wheel/coverage
  copying build/lib.linux-x86_64-3.5/coverage/tracer.cpython-35m-x86_64-linux-gnu.so -> build/bdist.linux-x86_64/wheel/coverage
  copying build/lib.linux-x86_64-3.5/coverage/annotate.py -> build/bdist.linux-x86_64/wheel/coverage
  copying build/lib.linux-x86_64-3.5/coverage/cmdline.py -> build/bdist.linux-x86_64/wheel/coverage
  copying build/lib.linux-x86_64-3.5/coverage/__main__.py -> build/bdist.linux-x86_64/wheel/coverage
  copying build/lib.linux-x86_64-3.5/coverage/plugin_support.py -> build/bdist.linux-x86_64/wheel/coverage
  copying build/lib.linux-x86_64-3.5/coverage/results.py -> build/bdist.linux-x86_64/wheel/coverage
  copying build/lib.linux-x86_64-3.5/coverage/collector.py -> build/bdist.linux-x86_64/wheel/coverage
  copying build/lib.linux-x86_64-3.5/coverage/monkey.py -> build/bdist.linux-x86_64/wheel/coverage
  copying build/lib.linux-x86_64-3.5/coverage/templite.py -> build/bdist.linux-x86_64/wheel/coverage
  copying build/lib.linux-x86_64-3.5/coverage/control.py -> build/bdist.linux-x86_64/wheel/coverage
  copying build/lib.linux-x86_64-3.5/coverage/backward.py -> build/bdist.linux-x86_64/wheel/coverage
  copying build/lib.linux-x86_64-3.5/coverage/data.py -> build/bdist.linux-x86_64/wheel/coverage
  copying build/lib.linux-x86_64-3.5/coverage/execfile.py -> build/bdist.linux-x86_64/wheel/coverage
  copying build/lib.linux-x86_64-3.5/coverage/phystokens.py -> build/bdist.linux-x86_64/wheel/coverage
  copying build/lib.linux-x86_64-3.5/coverage/files.py -> build/bdist.linux-x86_64/wheel/coverage
  copying build/lib.linux-x86_64-3.5/coverage/test_helpers.py -> build/bdist.linux-x86_64/wheel/coverage
  copying build/lib.linux-x86_64-3.5/coverage/__init__.py -> build/bdist.linux-x86_64/wheel/coverage
  copying build/lib.linux-x86_64-3.5/coverage/config.py -> build/bdist.linux-x86_64/wheel/coverage
  copying build/lib.linux-x86_64-3.5/coverage/bytecode.py -> build/bdist.linux-x86_64/wheel/coverage
  running install_egg_info
  running egg_info
  writing top-level names to coverage.egg-info/top_level.txt
  writing dependency_links to coverage.egg-info/dependency_links.txt
  writing coverage.egg-info/PKG-INFO
  writing entry points to coverage.egg-info/entry_points.txt
  warning: manifest_maker: standard file '-c' not found
  
  reading manifest file 'coverage.egg-info/SOURCES.txt'
  reading manifest template 'MANIFEST.in'
  warning: no previously-included files found matching 'ci/appveyor.token'
  no previously-included directories found matching 'doc/_build'
  no previously-included directories found matching 'tests/eggsrc/build'
  no previously-included directories found matching 'tests/eggsrc/dist'
  no previously-included directories found matching 'tests/eggsrc/*.egg-info'
  warning: no previously-included files matching '*.py[co]' found anywhere in distribution
  writing manifest file 'coverage.egg-info/SOURCES.txt'
  Copying coverage.egg-info to build/bdist.linux-x86_64/wheel/coverage-4.0.3-py3.5.egg-info
  running install_scripts
  Traceback (most recent call last):
    File "<string>", line 1, in <module>
    File "/tmp/pip-build-al6_a4wg/coverage/setup.py", line 197, in <module>
      main()
    File "/tmp/pip-build-al6_a4wg/coverage/setup.py", line 187, in main
      setup(**setup_args)
    File "/usr/local/lib/python3.5/distutils/core.py", line 148, in setup
      dist.run_commands()
    File "/usr/local/lib/python3.5/distutils/dist.py", line 955, in run_commands
      self.run_command(cmd)
    File "/usr/local/lib/python3.5/distutils/dist.py", line 974, in run_command
      cmd_obj.run()
    File "/home/dowwie/yosai_alchemystore/.tox/py35/lib/python3.5/site-packages/wheel/bdist_wheel.py", line 213, in run
      archive_basename = self.get_archive_basename()
    File "/home/dowwie/yosai_alchemystore/.tox/py35/lib/python3.5/site-packages/wheel/bdist_wheel.py", line 161, in get_archive_basename
      impl_tag, abi_tag, plat_tag = self.get_tag()
    File "/home/dowwie/yosai_alchemystore/.tox/py35/lib/python3.5/site-packages/wheel/bdist_wheel.py", line 155, in get_tag
      assert tag == supported_tags[0]
  AssertionError
  
  ----------------------------------------
  Failed building wheel for coverage
Failed to build sqlalchemy coverage
Installing collected packages: py, pytest, pytest-capturelog, coverage, pytest-cov, sqlalchemy
  Running setup.py install for coverage
  Running setup.py install for sqlalchemy
Successfully installed coverage-4.0.3 py-1.4.31 pytest-2.8.5 pytest-capturelog-0.7 pytest-cov-2.2.0 sqlalchemy-1.0.10
