actionid: py34
msg: getenv
cmdargs: [local('/home/dowwie/yosai_alchemystore/.tox/py34/bin/pip'), 'install', 'pytest', 'pytest-capturelog', 'pytest-cov', '-rrequirements.txt']
env: {'USER': 'dowwie', 'WORKON_HOME': '/home/dowwie/.virtualenvs', 'GDM_LANG': 'en_US.UTF-8', 'DBUS_SESSION_BUS_ADDRESS': 'unix:abstract=/tmp/dbus-S8BzgwAZ1N,guid=81d38536deff5474ccf2e75a566f1809', 'NVM_PATH': '/home/dowwie/.nvm/versions/node/v4.1.1/lib/node', 'OLDPWD': '/home/dowwie', 'HOME': '/home/dowwie', 'NVM_DIR': '/home/dowwie/.nvm', 'SESSION_MANAGER': 'local/debian:@/tmp/.ICE-unix/1472,unix/debian:/tmp/.ICE-unix/1472', 'GDMSESSION': 'default', 'TOX_TESTENV_PASSENV': 'YOSAI_CORE_SETTINGS YOSAI_CACHE_SETTINGS YOSAI_ALCHEMYSTORE_SETTINGS', 'DESKTOP_SESSION': 'default', 'SSH_AUTH_SOCK': '/run/user/1000/keyring/ssh', 'LESS': '-R', 'XDG_SEAT': 'seat0', 'EDITOR': 'subl -w', 'ZSH': '/home/dowwie/.oh-my-zsh', 'XDG_DATA_DIRS': '/usr/share/gnome:/usr/local/share/:/usr/share/', 'LD_LIBRARY_PATH': '/usr/local/lib', 'PATH': '/home/dowwie/yosai_alchemystore/.tox/py34/bin:/home/dowwie/yosai/venv35/bin:/home/dowwie/.nvm/versions/node/v4.1.1/bin:/usr/local/sbin:/usr/local/bin:/usr/sbin:/usr/bin:/sbin:/bin:/usr/games:/usr/local/games', 'DISPLAY': ':0', 'VIRTUALENVWRAPPER_WORKON_CD': '1', 'XDG_RUNTIME_DIR': '/run/user/1000', 'XDG_SESSION_DESKTOP': 'default', 'GIO_LAUNCHED_DESKTOP_FILE': '/usr/share/applications/guake.desktop', 'SHELL': '/bin/zsh', 'GNOME_DESKTOP_SESSION_ID': 'this-is-deprecated', 'WINDOWPATH': '7', 'PROTOCOL_BUFFERS_PYTHON_IMPLEMENTATION': 'cpp', 'VIRTUALENVWRAPPER_SCRIPT': '/usr/local/bin/virtualenvwrapper.sh', 'SSH_AGENT_PID': '1509', 'PYTHONHASHSEED': '2610607686', 'YOSAI_ALCHEMYSTORE_SETTINGS': '/home/dowwie/yosai_alchemystore/yosai_alchemystore/conf/accountstore_settings.yaml', 'PROJECT_HOME': '/home/dowwie/Devel', 'GPG_AGENT_INFO': '/run/user/1000/keyring/gpg:0:1', 'XDG_SESSION_ID': '1', 'LANG': 'en_US.UTF-8', 'XDG_VTNR': '7', 'XDG_CURRENT_DESKTOP': 'GNOME', 'GIO_LAUNCHED_DESKTOP_FILE_PID': '3044', 'TERM': 'xterm-256color', 'GJS_DEBUG_TOPICS': 'JS ERROR;JS LOG', 'YOSAI_CACHE_SETTINGS': '/home/dowwie/dpcache/yosai_dpcache/cache/conf/cache_settings.yaml', 'VIRTUAL_ENV': '/home/dowwie/yosai_alchemystore/.tox/py34', 'NVM_NODEJS_ORG_MIRROR': 'https://nodejs.org/dist', 'MANPATH': '/home/dowwie/.nvm/versions/node/v4.1.1/share/man:/usr/local/share/man:/usr/share/man', 'LSCOLORS': 'Gxfxcxdxbxegedabagacad', 'VISUAL': 'subl -w', 'PS1': '(venv35) \n%K{green}%F{black} %n@%M %k%f%F{green}%K{blue}\ue0b0%k%f%F{white}%K{blue} %1~%F{blue} %F{blue}%K{white}\ue0b0%F{white}%F{black}%K{white}$(git_prompt_info)$(git_prompt_status)%F{white} %k\ue0b0%f  ', 'VIRTUALENVWRAPPER_HOOK_DIR': '/home/dowwie/.virtualenvs', 'SHLVL': '1', 'XDG_MENU_PREFIX': 'gnome-', 'WINDOWID': '58720302', 'YOSAI_CORE_SETTINGS': '/home/dowwie/yosai/yosai/yosai/core/conf/yosai_settings.yaml', 'NVM_IOJS_ORG_MIRROR': 'https://iojs.org/dist', 'PAGER': 'less', 'NVM_BIN': '/home/dowwie/.nvm/versions/node/v4.1.1/bin', 'XAUTHORITY': '/var/run/gdm3/auth-for-dowwie-96TRYJ/database', 'USERNAME': 'dowwie', 'PWD': '/home/dowwie/yosai_alchemystore', 'GJS_DEBUG_OUTPUT': 'stderr', 'VIRTUALENVWRAPPER_PROJECT_FILENAME': '.project', 'LC_CTYPE': 'en_US.UTF-8', 'PYTHONPATH': '/usr/local/bin/flake8', 'LOGNAME': 'dowwie', '_': '/home/dowwie/yosai/venv35/bin/tox'}

Collecting pytest
  Using cached pytest-2.8.5-py2.py3-none-any.whl
Collecting pytest-capturelog
Collecting pytest-cov
  Using cached pytest_cov-2.2.0-py2.py3-none-any.whl
Collecting sqlalchemy (from -r requirements.txt (line 1))
  Downloading SQLAlchemy-1.0.10.tar.gz (4.7MB)
Collecting py>=1.4.29 (from pytest)
  Using cached py-1.4.31-py2.py3-none-any.whl
Collecting coverage>=3.7.1 (from pytest-cov)
Building wheels for collected packages: sqlalchemy
  Running setup.py bdist_wheel for sqlalchemy
  Stored in directory: /home/dowwie/.cache/pip/wheels/24/5d/c3/e2037ea6885728e142ab5b4a54cbcf7c91e45ada524bfb8699
Successfully built sqlalchemy
Installing collected packages: py, pytest, pytest-capturelog, coverage, pytest-cov, sqlalchemy
Successfully installed coverage-4.0.3 py-1.4.31 pytest-2.8.5 pytest-capturelog-0.7 pytest-cov-2.2.0 sqlalchemy-1.0.10
